<?xml version="1.0" encoding="UTF-8"?>
<testng-results ignored="0" total="1" passed="1" failed="0" skipped="0">
  <reporter-output>
  </reporter-output>
  <suite started-at="2024-02-11T17:34:40 IST" name="Default suite" finished-at="2024-02-11T17:34:56 IST" duration-ms="15879">
    <groups>
    </groups>
    <test started-at="2024-02-11T17:34:40 IST" name="Default test" finished-at="2024-02-11T17:34:56 IST" duration-ms="15879">
      <class name="com.alltestcases.GmailSignupTest">
        <test-method is-config="true" signature="strtatReport()[pri:0, instance:com.alltestcases.GmailSignupTest@4b0d79fc]" started-at="2024-02-11T17:34:39 IST" name="strtatReport" finished-at="2024-02-11T17:34:40 IST" duration-ms="438" status="PASS">
          <reporter-output>
          </reporter-output>
        </test-method> <!-- strtatReport -->
        <test-method is-config="true" signature="startTest()[pri:0, instance:com.alltestcases.GmailSignupTest@4b0d79fc]" started-at="2024-02-11T17:34:40 IST" name="startTest" finished-at="2024-02-11T17:34:48 IST" duration-ms="8009" status="PASS">
          <reporter-output>
          </reporter-output>
        </test-method> <!-- startTest -->
        <test-method signature="checkErrorMessage()[pri:0, instance:com.alltestcases.GmailSignupTest@4b0d79fc]" started-at="2024-02-11T17:34:48 IST" name="checkErrorMessage" finished-at="2024-02-11T17:34:55 IST" duration-ms="7204" status="PASS">
          <reporter-output>
          </reporter-output>
        </test-method> <!-- checkErrorMessage -->
        <test-method is-config="true" signature="stopTest(org.testng.ITestResult)[pri:0, instance:com.alltestcases.GmailSignupTest@4b0d79fc]" started-at="2024-02-11T17:34:55 IST" name="stopTest" finished-at="2024-02-11T17:34:56 IST" duration-ms="604" status="PASS">
          <params>
            <param index="0">
              <value>
                <![CDATA[[TestResult name=checkErrorMessage status=SUCCESS method=GmailSignupTest.checkErrorMessage()[pri:0, instance:com.alltestcases.GmailSignupTest@4b0d79fc] output={null}]]]>
              </value>
            </param>
          </params>
          <reporter-output>
          </reporter-output>
        </test-method> <!-- stopTest -->
        <test-method is-config="true" signature="saveAllData()[pri:0, instance:com.alltestcases.GmailSignupTest@4b0d79fc]" started-at="2024-02-11T17:34:56 IST" name="saveAllData" finished-at="2024-02-11T17:34:57 IST" duration-ms="686" status="PASS">
          <reporter-output>
          </reporter-output>
        </test-method> <!-- saveAllData -->
      </class> <!-- com.alltestcases.GmailSignupTest -->
    </test> <!-- Default test -->
  </suite> <!-- Default suite -->
</testng-results>
